{"F:\\Namste-React\\02-Food_order_app\\src\\component\\Body.js": {"path":"F:\\Namste-React\\02-Food_order_app\\src\\component\\Body.js","statementMap":{"0":{"start":{"line":8,"column":13},"end":{"line":127,"column":1}},"1":{"start":{"line":9,"column":50},"end":{"line":9,"column":62}},"2":{"start":{"line":12,"column":38},"end":{"line":12,"column":50}},"3":{"start":{"line":13,"column":54},"end":{"line":13,"column":66}},"4":{"start":{"line":16,"column":33},"end":{"line":16,"column":66}},"5":{"start":{"line":18,"column":2},"end":{"line":18,"column":48}},"6":{"start":{"line":22,"column":2},"end":{"line":24,"column":9}},"7":{"start":{"line":23,"column":4},"end":{"line":23,"column":16}},"8":{"start":{"line":26,"column":2},"end":{"line":26,"column":31}},"9":{"start":{"line":28,"column":20},"end":{"line":50,"column":3}},"10":{"start":{"line":29,"column":4},"end":{"line":49,"column":5}},"11":{"start":{"line":30,"column":19},"end":{"line":32,"column":7}},"12":{"start":{"line":33,"column":19},"end":{"line":33,"column":36}},"13":{"start":{"line":34,"column":6},"end":{"line":37,"column":8}},"14":{"start":{"line":38,"column":6},"end":{"line":41,"column":8}},"15":{"start":{"line":42,"column":6},"end":{"line":46,"column":8}},"16":{"start":{"line":48,"column":6},"end":{"line":48,"column":66}},"17":{"start":{"line":52,"column":23},"end":{"line":52,"column":40}},"18":{"start":{"line":54,"column":2},"end":{"line":57,"column":6}},"19":{"start":{"line":55,"column":4},"end":{"line":57,"column":6}},"20":{"start":{"line":59,"column":2},"end":{"line":126,"column":4}},"21":{"start":{"line":70,"column":29},"end":{"line":70,"column":58}},"22":{"start":{"line":75,"column":14},"end":{"line":75,"column":38}},"23":{"start":{"line":76,"column":37},"end":{"line":80,"column":15}},"24":{"start":{"line":77,"column":16},"end":{"line":79,"column":55}},"25":{"start":{"line":81,"column":14},"end":{"line":81,"column":52}},"26":{"start":{"line":91,"column":33},"end":{"line":93,"column":15}},"27":{"start":{"line":92,"column":25},"end":{"line":92,"column":49}},"28":{"start":{"line":94,"column":14},"end":{"line":94,"column":48}},"29":{"start":{"line":102,"column":14},"end":{"line":102,"column":54}},"30":{"start":{"line":114,"column":10},"end":{"line":122,"column":12}}},"fnMap":{"0":{"name":"(anonymous_0)","decl":{"start":{"line":8,"column":13},"end":{"line":8,"column":14}},"loc":{"start":{"line":8,"column":19},"end":{"line":127,"column":1}},"line":8},"1":{"name":"(anonymous_1)","decl":{"start":{"line":22,"column":12},"end":{"line":22,"column":13}},"loc":{"start":{"line":22,"column":18},"end":{"line":24,"column":3}},"line":22},"2":{"name":"(anonymous_2)","decl":{"start":{"line":28,"column":20},"end":{"line":28,"column":21}},"loc":{"start":{"line":28,"column":32},"end":{"line":50,"column":3}},"line":28},"3":{"name":"(anonymous_3)","decl":{"start":{"line":70,"column":22},"end":{"line":70,"column":23}},"loc":{"start":{"line":70,"column":29},"end":{"line":70,"column":58}},"line":70},"4":{"name":"(anonymous_4)","decl":{"start":{"line":73,"column":21},"end":{"line":73,"column":22}},"loc":{"start":{"line":73,"column":27},"end":{"line":82,"column":13}},"line":73},"5":{"name":"(anonymous_5)","decl":{"start":{"line":76,"column":61},"end":{"line":76,"column":62}},"loc":{"start":{"line":77,"column":16},"end":{"line":79,"column":55}},"line":77},"6":{"name":"(anonymous_6)","decl":{"start":{"line":90,"column":21},"end":{"line":90,"column":22}},"loc":{"start":{"line":90,"column":27},"end":{"line":95,"column":13}},"line":90},"7":{"name":"(anonymous_7)","decl":{"start":{"line":92,"column":16},"end":{"line":92,"column":17}},"loc":{"start":{"line":92,"column":25},"end":{"line":92,"column":49}},"line":92},"8":{"name":"(anonymous_8)","decl":{"start":{"line":101,"column":21},"end":{"line":101,"column":22}},"loc":{"start":{"line":101,"column":27},"end":{"line":103,"column":13}},"line":101},"9":{"name":"(anonymous_9)","decl":{"start":{"line":113,"column":33},"end":{"line":113,"column":34}},"loc":{"start":{"line":113,"column":42},"end":{"line":123,"column":9}},"line":113}},"branchMap":{"0":{"loc":{"start":{"line":54,"column":2},"end":{"line":57,"column":6}},"type":"if","locations":[{"start":{"line":54,"column":2},"end":{"line":57,"column":6}},{"start":{},"end":{}}],"line":54},"1":{"loc":{"start":{"line":59,"column":9},"end":{"line":126,"column":3}},"type":"cond-expr","locations":[{"start":{"line":60,"column":4},"end":{"line":60,"column":15}},{"start":{"line":62,"column":4},"end":{"line":125,"column":10}}],"line":59},"2":{"loc":{"start":{"line":118,"column":14},"end":{"line":118,"column":107}},"type":"cond-expr","locations":[{"start":{"line":118,"column":35},"end":{"line":118,"column":71}},{"start":{"line":118,"column":77},"end":{"line":118,"column":106}}],"line":118}},"s":{"0":1,"1":3,"2":3,"3":3,"4":3,"5":3,"6":3,"7":1,"8":3,"9":3,"10":1,"11":1,"12":1,"13":1,"14":1,"15":1,"16":0,"17":3,"18":3,"19":0,"20":3,"21":1,"22":1,"23":1,"24":0,"25":0,"26":0,"27":0,"28":0,"29":0,"30":0},"f":{"0":3,"1":1,"2":1,"3":1,"4":1,"5":0,"6":0,"7":0,"8":0,"9":0},"b":{"0":[0,3],"1":[1,2],"2":[0,0]},"_coverageSchema":"1a1c01bbd47fc00a2c39e90264f33305004495a9","hash":"905c8d0bfc7e588d0125108441963cee76b3e864"}
,"F:\\Namste-React\\02-Food_order_app\\src\\component\\Contect.js": {"path":"F:\\Namste-React\\02-Food_order_app\\src\\component\\Contect.js","statementMap":{"0":{"start":{"line":3,"column":16},"end":{"line":25,"column":1}},"1":{"start":{"line":4,"column":2},"end":{"line":24,"column":3}}},"fnMap":{"0":{"name":"(anonymous_0)","decl":{"start":{"line":3,"column":16},"end":{"line":3,"column":17}},"loc":{"start":{"line":3,"column":22},"end":{"line":25,"column":1}},"line":3}},"branchMap":{},"s":{"0":1,"1":4},"f":{"0":4},"b":{},"_coverageSchema":"1a1c01bbd47fc00a2c39e90264f33305004495a9","hash":"e7a05bc48c399f285dd2a8b12cc57c84418d10d0"}
,"F:\\Namste-React\\02-Food_order_app\\src\\component\\RestaurantCard.js": {"path":"F:\\Namste-React\\02-Food_order_app\\src\\component\\RestaurantCard.js","statementMap":{"0":{"start":{"line":5,"column":23},"end":{"line":29,"column":1}},"1":{"start":{"line":9,"column":2},"end":{"line":28,"column":4}},"2":{"start":{"line":36,"column":33},"end":{"line":45,"column":1}},"3":{"start":{"line":37,"column":4},"end":{"line":44,"column":6}},"4":{"start":{"line":38,"column":6},"end":{"line":43,"column":8}}},"fnMap":{"0":{"name":"(anonymous_0)","decl":{"start":{"line":5,"column":23},"end":{"line":5,"column":24}},"loc":{"start":{"line":5,"column":37},"end":{"line":29,"column":1}},"line":5},"1":{"name":"(anonymous_1)","decl":{"start":{"line":36,"column":33},"end":{"line":36,"column":34}},"loc":{"start":{"line":36,"column":53},"end":{"line":45,"column":1}},"line":36},"2":{"name":"(anonymous_2)","decl":{"start":{"line":37,"column":11},"end":{"line":37,"column":12}},"loc":{"start":{"line":37,"column":22},"end":{"line":44,"column":5}},"line":37}},"branchMap":{},"s":{"0":2,"1":1,"2":2,"3":3,"4":0},"f":{"0":1,"1":3,"2":0},"b":{},"_coverageSchema":"1a1c01bbd47fc00a2c39e90264f33305004495a9","hash":"ec6060de7fdf4d682febd671009a3efc11b47831"}
,"F:\\Namste-React\\02-Food_order_app\\src\\component\\sum.js": {"path":"F:\\Namste-React\\02-Food_order_app\\src\\component\\sum.js","statementMap":{"0":{"start":{"line":2,"column":18},"end":{"line":4,"column":1}},"1":{"start":{"line":3,"column":4},"end":{"line":3,"column":15}}},"fnMap":{"0":{"name":"(anonymous_0)","decl":{"start":{"line":2,"column":18},"end":{"line":2,"column":19}},"loc":{"start":{"line":2,"column":26},"end":{"line":4,"column":1}},"line":2}},"branchMap":{},"s":{"0":1,"1":1},"f":{"0":1},"b":{},"_coverageSchema":"1a1c01bbd47fc00a2c39e90264f33305004495a9","hash":"fbe6807b95a577afe91b53f18d31dfddaf7901f9"}
}
