TN:
SF:src\component\Body.js
FN:8,(anonymous_0)
FN:22,(anonymous_1)
FN:28,(anonymous_2)
FN:70,(anonymous_3)
FN:73,(anonymous_4)
FN:76,(anonymous_5)
FN:90,(anonymous_6)
FN:92,(anonymous_7)
FN:101,(anonymous_8)
FN:113,(anonymous_9)
FNF:10
FNH:5
FNDA:3,(anonymous_0)
FNDA:1,(anonymous_1)
FNDA:1,(anonymous_2)
FNDA:1,(anonymous_3)
FNDA:1,(anonymous_4)
FNDA:0,(anonymous_5)
FNDA:0,(anonymous_6)
FNDA:0,(anonymous_7)
FNDA:0,(anonymous_8)
FNDA:0,(anonymous_9)
DA:8,1
DA:9,3
DA:12,3
DA:13,3
DA:16,3
DA:18,3
DA:22,3
DA:23,1
DA:26,3
DA:28,3
DA:29,1
DA:30,1
DA:33,1
DA:34,1
DA:38,1
DA:42,1
DA:48,0
DA:52,3
DA:54,3
DA:55,0
DA:59,3
DA:70,1
DA:75,1
DA:76,1
DA:77,0
DA:81,0
DA:91,0
DA:92,0
DA:94,0
DA:102,0
DA:114,0
LF:31
LH:22
BRDA:54,0,0,0
BRDA:54,0,1,3
BRDA:59,1,0,1
BRDA:59,1,1,2
BRDA:118,2,0,0
BRDA:118,2,1,0
BRF:6
BRH:3
end_of_record
TN:
SF:src\component\Contect.js
FN:3,(anonymous_0)
FNF:1
FNH:1
FNDA:4,(anonymous_0)
DA:3,1
DA:4,4
LF:2
LH:2
BRF:0
BRH:0
end_of_record
TN:
SF:src\component\RestaurantCard.js
FN:5,(anonymous_0)
FN:36,(anonymous_1)
FN:37,(anonymous_2)
FNF:3
FNH:2
FNDA:1,(anonymous_0)
FNDA:3,(anonymous_1)
FNDA:0,(anonymous_2)
DA:5,2
DA:9,1
DA:36,2
DA:37,3
DA:38,0
LF:5
LH:4
BRF:0
BRH:0
end_of_record
TN:
SF:src\component\sum.js
FN:2,(anonymous_0)
FNF:1
FNH:1
FNDA:1,(anonymous_0)
DA:2,1
DA:3,1
LF:2
LH:2
BRF:0
BRH:0
end_of_record
